^C[ec2-user@ip-172-31-45-54 ~]$ ./master 
2015/03/16 03:25:35 Slave service listening on port 14782
2015/03/16 03:25:35 User service listening on port 14783
2015/03/16 03:25:39 slave connected with 0 past results
2015/03/16 03:25:41 slave connected with 0 past results
2015/03/16 03:25:49 DoWork called
2015/03/16 03:25:49 expanding rootState for 2 slaves
2015/03/16 03:25:49 created 7 jobs from root state
2015/03/16 03:25:49 distributing 7 jobs to 2 slaves
2015/03/16 03:25:52 slave connected with 3 past results
2015/03/16 03:25:52 AddResult {X:1928440315904 Y:208339468288 IsXMove:true}
2015/03/16 03:25:52 AddResult {X:1928440315904 Y:139636768768 IsXMove:true}
2015/03/16 03:25:52 AddResult {X:1928440315904 Y:148209926144 IsXMove:true}
2015/03/16 03:25:52 slave connected with 4 past results
2015/03/16 03:25:52 AddResult {X:1928440315904 Y:173979729920 IsXMove:true}
2015/03/16 03:25:52 AddResult {X:1928440315904 Y:140693733376 IsXMove:true}
2015/03/16 03:25:52 AddResult {X:1928440315904 Y:139620253696 IsXMove:true}
2015/03/16 03:25:52 AddResult {X:1928440315904 Y:2338643247104 IsXMove:true}
2015/03/16 03:25:52 all results submitted; 2214336 states analyzed by all slaves
2015/03/16 03:25:52 returning bestMove to user
