2015/03/16 02:55:22 DoWork called
2015/03/16 02:55:22 expanding rootState for 10 slaves
2015/03/16 02:55:22 created 13 jobs from root state
2015/03/16 02:55:22 distributing 13 jobs to 10 slaves
2015/03/16 02:55:25 slave connected with 1 past results
2015/03/16 02:55:25 AddResult {X:1997159792640 Y:173979729920 IsXMove:false}
2015/03/16 02:55:25 slave connected with 1 past results
2015/03/16 02:55:25 AddResult {X:1928457093120 Y:173979729920 IsXMove:false}
2015/03/16 02:55:25 slave connected with 1 past results
2015/03/16 02:55:25 AddResult {X:1928440315904 Y:139620253696 IsXMove:true}
2015/03/16 02:55:25 slave connected with 1 past results
2015/03/16 02:55:25 AddResult {X:1928440315904 Y:148209926144 IsXMove:true}
2015/03/16 02:55:25 slave connected with 1 past results
2015/03/16 02:55:25 AddResult {X:1928708751360 Y:173979729920 IsXMove:false}
2015/03/16 02:55:25 slave connected with 1 past results
2015/03/16 02:55:25 AddResult {X:1928440315904 Y:2338643247104 IsXMove:true}
2015/03/16 02:55:25 slave connected with 1 past results
2015/03/16 02:55:25 AddResult {X:1929514057728 Y:173979729920 IsXMove:false}
2015/03/16 02:55:25 slave connected with 2 past results
2015/03/16 02:55:25 AddResult {X:1928440315904 Y:140693733376 IsXMove:true}
2015/03/16 02:55:25 AddResult {X:1937030250496 Y:173979729920 IsXMove:false}
2015/03/16 02:55:25 slave connected with 2 past results
2015/03/16 02:55:25 AddResult {X:1928440315904 Y:208339468288 IsXMove:true}
2015/03/16 02:55:25 AddResult {X:1928440578048 Y:173979729920 IsXMove:false}
2015/03/16 02:55:25 slave connected with 2 past results
2015/03/16 02:55:25 AddResult {X:1928440315904 Y:139636768768 IsXMove:true}
2015/03/16 02:55:25 AddResult {X:4127463571456 Y:173979729920 IsXMove:false}
2015/03/16 02:55:25 all results submitted; 8092518 states analyzed by all slaves
2015/03/16 02:55:25 returning bestMove to user
